2016/06/05 16:43:56 INFO  - jmeter.util.JMeterUtils: Setting Locale to ja_JP 
2016/06/05 16:43:56 INFO  - jmeter.util.JMeterUtils: Could not find resources for 'ja_JP', using 'ja' 
2016/06/05 16:43:56 INFO  - jmeter.JMeter: Loading user properties from: /Users/iida-ryota/Documents/til/jmeter/apache-jmeter-3.0/bin/user.properties 
2016/06/05 16:43:56 INFO  - jmeter.JMeter: Loading system properties from: /Users/iida-ryota/Documents/til/jmeter/apache-jmeter-3.0/bin/system.properties 
2016/06/05 16:43:56 INFO  - jmeter.JMeter: Copyright (c) 1998-2016 The Apache Software Foundation 
2016/06/05 16:43:56 INFO  - jmeter.JMeter: Version 3.0 r1743807 
2016/06/05 16:43:56 INFO  - jmeter.JMeter: java.version=1.8.0_45 
2016/06/05 16:43:56 INFO  - jmeter.JMeter: java.vm.name=Java HotSpot(TM) 64-Bit Server VM 
2016/06/05 16:43:56 INFO  - jmeter.JMeter: os.name=Mac OS X 
2016/06/05 16:43:56 INFO  - jmeter.JMeter: os.arch=x86_64 
2016/06/05 16:43:56 INFO  - jmeter.JMeter: os.version=10.11.3 
2016/06/05 16:43:56 INFO  - jmeter.JMeter: file.encoding=UTF-8 
2016/06/05 16:43:56 INFO  - jmeter.JMeter: Max memory     =514850816 
2016/06/05 16:43:56 INFO  - jmeter.JMeter: Available Processors =4 
2016/06/05 16:43:56 INFO  - jmeter.JMeter: Default Locale=日本語 (日本) 
2016/06/05 16:43:56 INFO  - jmeter.JMeter: JMeter  Locale=日本語 (日本) 
2016/06/05 16:43:56 INFO  - jmeter.JMeter: JMeterHome=/Users/iida-ryota/Documents/til/jmeter/apache-jmeter-3.0 
2016/06/05 16:43:56 INFO  - jmeter.JMeter: user.dir  =/Users/iida-ryota/Documents/til/jmeter/trial 
2016/06/05 16:43:56 INFO  - jmeter.JMeter: PWD       =/Users/iida-ryota/Documents/til/jmeter/trial 
2016/06/05 16:43:56 INFO  - jmeter.JMeter: IP: 192.168.10.10 Name: local-mesh1neko.local FullName: 192.168.10.10 
2016/06/05 16:43:56 INFO  - jmeter.services.FileServer: Default base='/Users/iida-ryota/Documents/til/jmeter/trial' 
2016/06/05 16:43:56 INFO  - jmeter.services.FileServer: Set new base='/Users/iida-ryota/Documents/til/jmeter/trial/.' 
2016/06/05 16:43:56 INFO  - jmeter.save.SaveService: Testplan (JMX) version: 2.2. Testlog (JTL) version: 2.2 
2016/06/05 16:43:56 INFO  - jmeter.save.SaveService: Using SaveService properties file encoding UTF-8 
2016/06/05 16:43:56 INFO  - jmeter.save.SaveService: Using SaveService properties version 2.9 
2016/06/05 16:43:56 INFO  - jmeter.save.SaveService: All converter versions present and correct 
2016/06/05 16:43:56 INFO  - jmeter.save.SaveService: Loading file: ./stress-test.jmx 
2016/06/05 16:43:56 INFO  - jmeter.protocol.http.sampler.HTTPSamplerBase: Parser for text/html is org.apache.jmeter.protocol.http.parser.LagartoBasedHtmlParser 
2016/06/05 16:43:56 INFO  - jmeter.protocol.http.sampler.HTTPSamplerBase: Parser for application/xhtml+xml is org.apache.jmeter.protocol.http.parser.LagartoBasedHtmlParser 
2016/06/05 16:43:56 INFO  - jmeter.protocol.http.sampler.HTTPSamplerBase: Parser for application/xml is org.apache.jmeter.protocol.http.parser.LagartoBasedHtmlParser 
2016/06/05 16:43:56 INFO  - jmeter.protocol.http.sampler.HTTPSamplerBase: Parser for text/xml is org.apache.jmeter.protocol.http.parser.LagartoBasedHtmlParser 
2016/06/05 16:43:56 INFO  - jmeter.protocol.http.sampler.HTTPSamplerBase: Parser for text/vnd.wap.wml is org.apache.jmeter.protocol.http.parser.RegexpHTMLParser 
2016/06/05 16:43:56 INFO  - jmeter.protocol.http.sampler.HTTPSamplerBase: Parser for text/css is org.apache.jmeter.protocol.http.parser.CssParser 
2016/06/05 16:43:56 INFO  - jmeter.JMeter: Creating summariser <summary> 
2016/06/05 16:43:56 INFO  - jmeter.engine.StandardJMeterEngine: Running the test! 
2016/06/05 16:43:56 INFO  - jmeter.samplers.SampleEvent: List of sample_variables: [] 
2016/06/05 16:43:56 INFO  - jmeter.samplers.SampleEvent: List of sample_variables: [] 
2016/06/05 16:43:56 INFO  - jmeter.engine.util.CompoundVariable: Note: Function class names must contain the string: '.functions.' 
2016/06/05 16:43:56 INFO  - jmeter.engine.util.CompoundVariable: Note: Function class names must not contain the string: '.gui.' 
2016/06/05 16:43:56 INFO  - jmeter.JMeter: テスト実行中 (1465112636772) 
2016/06/05 16:43:56 INFO  - jmeter.engine.StandardJMeterEngine: Starting ThreadGroup: 1 : スレッドグループ 
2016/06/05 16:43:56 INFO  - jmeter.engine.StandardJMeterEngine: Starting 1 threads for group スレッドグループ. 
2016/06/05 16:43:56 INFO  - jmeter.engine.StandardJMeterEngine: Thread will continue on error 
2016/06/05 16:43:56 INFO  - jmeter.threads.ThreadGroup: Starting thread group number 1 threads 1 ramp-up 10 perThread 10000.0 delayedStart=false 
2016/06/05 16:43:56 INFO  - jmeter.threads.ThreadGroup: Started thread group number 1 
2016/06/05 16:43:56 INFO  - jmeter.engine.StandardJMeterEngine: All thread groups have been started 
2016/06/05 16:43:56 INFO  - jmeter.threads.JMeterThread: Thread started: スレッドグループ 1-1 
2016/06/05 16:43:56 INFO  - jmeter.protocol.http.sampler.HTTPHCAbstractImpl: Local host = local-mesh1neko.local 
2016/06/05 16:43:56 INFO  - jmeter.protocol.http.sampler.HTTPHC4Impl: HTTP request retry count = 0 
2016/06/05 16:43:56 INFO  - jmeter.samplers.SampleResult: Note: Sample TimeStamps are START times 
2016/06/05 16:43:56 INFO  - jmeter.samplers.SampleResult: sampleresult.default.encoding is set to ISO-8859-1 
2016/06/05 16:43:56 INFO  - jmeter.samplers.SampleResult: sampleresult.useNanoTime=true 
2016/06/05 16:43:56 INFO  - jmeter.samplers.SampleResult: sampleresult.nanoThreadSleep=5000 
2016/06/05 16:44:00 INFO  - jmeter.reporters.Summariser: summary +   2748 in 00:00:03 =  851.3/s Avg:     0 Min:     0 Max:    98 Err:     0 (0.00%) Active: 1 Started: 1 Finished: 0 
2016/06/05 16:44:30 INFO  - jmeter.reporters.Summariser: summary +  61923 in 00:00:30 = 2064.1/s Avg:     0 Min:     0 Max:   151 Err:     0 (0.00%) Active: 1 Started: 1 Finished: 0 
2016/06/05 16:44:30 INFO  - jmeter.reporters.Summariser: summary =  64671 in 00:00:33 = 1946.3/s Avg:     0 Min:     0 Max:   151 Err:     0 (0.00%) 
2016/06/05 16:44:45 INFO  - jmeter.threads.JMeterThread: Thread is done: スレッドグループ 1-1 
2016/06/05 16:44:45 INFO  - jmeter.threads.JMeterThread: Thread finished: スレッドグループ 1-1 
2016/06/05 16:44:45 INFO  - jmeter.engine.StandardJMeterEngine: Notifying test listeners of end of test 
2016/06/05 16:44:45 INFO  - jmeter.reporters.Summariser: summary +  35329 in 00:00:16 = 2260.0/s Avg:     0 Min:     0 Max:   151 Err:     0 (0.00%) Active: 0 Started: 1 Finished: 1 
2016/06/05 16:44:45 INFO  - jmeter.reporters.Summariser: summary = 100000 in 00:00:49 = 2046.6/s Avg:     0 Min:     0 Max:   151 Err:     0 (0.00%) 
